Using pre-set license
Desktop is 1920 x 1080 @ 60 Hz

 COMMAND LINE ARGUMENTS:
Unity
-adb2
-batchMode
-noUpm
-name
AssetImportWorker0
-projectPath
/home/poprock/Documents/GitHub/Quests
-logFile
Logs/AssetImportWorker0.log
-srvPort
35419
Successfully changed project path to: /home/poprock/Documents/GitHub/Quests
/home/poprock/Documents/GitHub/Quests
Using Asset Import Pipeline V2.
Refreshing native plugins compatible for Editor in 28.49 ms, found 0 plugins.
Preloading 0 native plugins for Editor in 0.00 ms.
Initialize engine version: 2020.3.14f1 (d0d1bb862f9d)
[Subsystems] Discovering subsystems at path /home/poprock/Unity/Hub/Editor/2020.3.14f1/Editor/Data/Resources/UnitySubsystems
[Subsystems] Discovering subsystems at path /home/poprock/Documents/GitHub/Quests/Assets
GLX Extensions: GLX_ARB_get_proc_address GLX_ARB_multisample GLX_EXT_visual_info GLX_EXT_visual_rating GLX_EXT_import_context GLX_SGI_video_sync GLX_SGIX_fbconfig GLX_SGIX_pbuffer GLX_SGI_swap_control GLX_EXT_swap_control GLX_EXT_swap_control_tear GLX_EXT_buffer_age GLX_ARB_create_context GLX_ARB_create_context_profile GLX_NV_float_buffer GLX_ARB_fbconfig_float GLX_EXT_texture_from_pixmap GLX_EXT_framebuffer_sRGB GLX_NV_copy_image GLX_EXT_create_context_es_profile GLX_EXT_create_context_es2_profile GLX_ARB_create_context_no_error GLX_ARB_create_context_robustness GLX_NV_delay_before_swap GLX_EXT_stereo_tree GLX_ARB_context_flush_control GLX_NV_robustness_video_memory_purge GLX_NV_multigpu_context 
Renderer: NVIDIA GeForce GTX 1080 Ti/PCIe/SSE2
Vendor:   NVIDIA Corporation
Version:  4.5.0 NVIDIA 470.86
GLES:     0
 GL_AMD_multi_draw_indirect GL_AMD_seamless_cubemap_per_texture GL_AMD_vertex_shader_viewport_index GL_AMD_vertex_shader_layer GL_ARB_arrays_of_arrays GL_ARB_base_instance GL_ARB_bindless_texture GL_ARB_blend_func_extended GL_ARB_buffer_storage GL_ARB_clear_buffer_object GL_ARB_clear_texture GL_ARB_clip_control GL_ARB_color_buffer_float GL_ARB_compressed_texture_pixel_storage GL_ARB_conservative_depth GL_ARB_compute_shader GL_ARB_compute_variable_group_size GL_ARB_conditional_render_inverted GL_ARB_copy_buffer GL_ARB_copy_image GL_ARB_cull_distance GL_ARB_debug_output GL_ARB_depth_buffer_float GL_ARB_depth_clamp GL_ARB_depth_texture GL_ARB_derivative_control GL_ARB_direct_state_access GL_ARB_draw_buffers GL_ARB_draw_buffers_blend GL_ARB_draw_indirect GL_ARB_draw_elements_base_vertex GL_ARB_draw_instanced GL_ARB_enhanced_layouts GL_ARB_ES2_compatibility GL_ARB_ES3_compatibility GL_ARB_ES3_1_compatibility GL_ARB_ES3_2_compatibility GL_ARB_explicit_attrib_location GL_ARB_explicit_uniform_location GL_ARB_fragmen
t_coord_conventions GL_ARB_fragment_layer_viewport GL_ARB_fragment_program GL_ARB_fragment_program_shadow GL_ARB_fragment_shader GL_ARB_fragment_shader_interlock GL_ARB_framebuffer_no_attachments GL_ARB_framebuffer_object GL_ARB_framebuffer_sRGB GL_ARB_geometry_shader4 GL_ARB_get_program_binary GL_ARB_get_texture_sub_image GL_ARB_gl_spirv GL_ARB_gpu_shader5 GL_ARB_gpu_shader_fp64 GL_ARB_gpu_shader_int64 GL_ARB_half_float_pixel GL_ARB_half_float_vertex GL_ARB_imaging GL_ARB_indirect_parameters GL_ARB_instanced_arrays GL_ARB_internalformat_query GL_ARB_internalformat_query2 GL_ARB_invalidate_subdata GL_ARB_map_buffer_alignment GL_ARB_map_buffer_range GL_ARB_multi_bind GL_ARB_multi_draw_indirect GL_ARB_multisample GL_ARB_multitexture GL_ARB_occlusion_query GL_ARB_occlusion_query2 GL_ARB_parallel_shader_compile GL_ARB_pipeline_statistics_query GL_ARB_pixel_buffer_object GL_ARB_point_parameters GL_ARB_point_sprite GL_ARB_polygon_offset_clamp GL_ARB_post_depth_coverage GL_ARB_program_interface_query GL_ARB_provoki
ng_vertex GL_ARB_query_buffer_object GL_ARB_robust_buffer_access_behavior GL_ARB_robustness GL_ARB_sample_locations GL_ARB_sample_shading GL_ARB_sampler_objects GL_ARB_seamless_cube_map GL_ARB_seamless_cubemap_per_texture GL_ARB_separate_shader_objects GL_ARB_shader_atomic_counter_ops GL_ARB_shader_atomic_counters GL_ARB_shader_ballot GL_ARB_shader_bit_encoding GL_ARB_shader_clock GL_ARB_shader_draw_parameters GL_ARB_shader_group_vote GL_ARB_shader_image_load_store GL_ARB_shader_image_size GL_ARB_shader_objects GL_ARB_shader_precision GL_ARB_shader_storage_buffer_object GL_ARB_shader_subroutine GL_ARB_shader_texture_image_samples GL_ARB_shader_texture_lod GL_ARB_shading_language_100 GL_ARB_shader_viewport_layer_array GL_ARB_shading_language_420pack GL_ARB_shading_language_include GL_ARB_shading_language_packing GL_ARB_shadow GL_ARB_sparse_buffer GL_ARB_sparse_texture GL_ARB_sparse_texture2 GL_ARB_sparse_texture_clamp GL_ARB_spirv_extensions GL_ARB_stencil_texturing GL_ARB_sync GL_ARB_tessellation_shader GL_A
RB_texture_barrier GL_ARB_texture_border_clamp GL_ARB_texture_buffer_object GL_ARB_texture_buffer_object_rgb32 GL_ARB_texture_buffer_range GL_ARB_texture_compression GL_ARB_texture_compression_bptc GL_ARB_texture_compression_rgtc GL_ARB_texture_cube_map GL_ARB_texture_cube_map_array GL_ARB_texture_env_add GL_ARB_texture_env_combine GL_ARB_texture_env_crossbar GL_ARB_texture_env_dot3 GL_ARB_texture_filter_anisotropic GL_ARB_texture_filter_minmax GL_ARB_texture_float GL_ARB_texture_gather GL_ARB_texture_mirror_clamp_to_edge GL_ARB_texture_mirrored_repeat GL_ARB_texture_multisample GL_ARB_texture_non_power_of_two GL_ARB_texture_query_levels GL_ARB_texture_query_lod GL_ARB_texture_rectangle GL_ARB_texture_rg GL_ARB_texture_rgb10_a2ui GL_ARB_texture_stencil8 GL_ARB_texture_storage GL_ARB_texture_storage_multisample GL_ARB_texture_swizzle GL_ARB_texture_view GL_ARB_timer_query GL_ARB_transform_feedback2 GL_ARB_transform_feedback3 GL_ARB_transform_feedback_instanced GL_ARB_transform_feedback_overflow_query GL_ARB_t
ranspose_matrix GL_ARB_uniform_buffer_object GL_ARB_vertex_array_bgra GL_ARB_vertex_array_object GL_ARB_vertex_attrib_64bit GL_ARB_vertex_attrib_binding GL_ARB_vertex_buffer_object GL_ARB_vertex_program GL_ARB_vertex_shader GL_ARB_vertex_type_10f_11f_11f_rev GL_ARB_vertex_type_2_10_10_10_rev GL_ARB_viewport_array GL_ARB_window_pos GL_ATI_draw_buffers GL_ATI_texture_float GL_ATI_texture_mirror_once GL_S3_s3tc GL_EXT_texture_env_add GL_EXT_abgr GL_EXT_bgra GL_EXT_bindable_uniform GL_EXT_blend_color GL_EXT_blend_equation_separate GL_EXT_blend_func_separate GL_EXT_blend_minmax GL_EXT_blend_subtract GL_EXT_compiled_vertex_array GL_EXT_Cg_shader GL_EXT_depth_bounds_test GL_EXT_direct_state_access GL_EXT_draw_buffers2 GL_EXT_draw_instanced GL_EXT_draw_range_elements GL_EXT_fog_coord GL_EXT_framebuffer_blit GL_EXT_framebuffer_multisample GL_EXTX_framebuffer_mixed_formats GL_EXT_framebuffer_multisample_blit_scaled GL_EXT_framebuffer_object GL_EXT_framebuffer_sRGB GL_EXT_geometry_shader4 GL_EXT_gpu_program_parameters 
GL_EXT_gpu_shader4 GL_EXT_multi_draw_arrays GL_EXT_multiview_texture_multisample GL_EXT_multiview_timer_query GL_EXT_packed_depth_stencil GL_EXT_packed_float GL_EXT_packed_pixels GL_EXT_pixel_buffer_object GL_EXT_point_parameters GL_EXT_polygon_offset_clamp GL_EXT_post_depth_coverage GL_EXT_provoking_vertex GL_EXT_raster_multisample GL_EXT_rescale_normal GL_EXT_secondary_color GL_EXT_separate_shader_objects GL_EXT_separate_specular_color GL_EXT_shader_image_load_formatted GL_EXT_shader_image_load_store GL_EXT_shader_integer_mix GL_EXT_shadow_funcs GL_EXT_sparse_texture2 GL_EXT_stencil_two_side GL_EXT_stencil_wrap GL_EXT_texture3D GL_EXT_texture_array GL_EXT_texture_buffer_object GL_EXT_texture_compression_dxt1 GL_EXT_texture_compression_latc GL_EXT_texture_compression_rgtc GL_EXT_texture_compression_s3tc GL_EXT_texture_cube_map GL_EXT_texture_edge_clamp GL_EXT_texture_env_combine GL_EXT_texture_env_dot3 GL_EXT_texture_filter_anisotropic GL_EXT_texture_filter_minmax GL_EXT_texture_integer GL_EXT_texture_lod G
L_EXT_texture_lod_bias GL_EXT_texture_mirror_clamp GL_EXT_texture_object GL_EXT_texture_shadow_lod GL_EXT_texture_shared_exponent GL_EXT_texture_sRGB GL_EXT_texture_sRGB_R8 GL_EXT_texture_sRGB_decode GL_EXT_texture_storage GL_EXT_texture_swizzle GL_EXT_timer_query GL_EXT_transform_feedback2 GL_EXT_vertex_array GL_EXT_vertex_array_bgra GL_EXT_vertex_attrib_64bit GL_EXT_window_rectangles GL_EXT_x11_sync_object GL_EXT_import_sync_object GL_NV_robustness_video_memory_purge GL_IBM_rasterpos_clip GL_IBM_texture_mirrored_repeat GL_KHR_context_flush_control GL_KHR_debug GL_EXT_memory_object GL_EXT_memory_object_fd GL_NV_memory_object_sparse GL_KHR_parallel_shader_compile GL_KHR_no_error GL_KHR_robust_buffer_access_behavior GL_KHR_robustness GL_EXT_semaphore GL_EXT_semaphore_fd GL_NV_timeline_semaphore GL_KHR_shader_subgroup GL_KTX_buffer_region GL_NV_alpha_to_coverage_dither_control GL_NV_bindless_multi_draw_indirect GL_NV_bindless_multi_draw_indirect_count GL_NV_bindless_texture GL_NV_blend_equation_advanced GL_NV_
blend_equation_advanced_coherent GL_NVX_blend_equation_advanced_multi_draw_buffers GL_NV_blend_minmax_factor GL_NV_blend_square GL_NV_clip_space_w_scaling GL_NV_command_list GL_NV_compute_program5 GL_NV_conditional_render GL_NV_conservative_raster GL_NV_conservative_raster_dilate GL_NV_conservative_raster_pre_snap_triangles GL_NV_copy_depth_to_color GL_NV_copy_image GL_NV_depth_buffer_float GL_NV_depth_clamp GL_NV_draw_texture GL_NV_draw_vulkan_image GL_NV_ES1_1_compatibility GL_NV_ES3_1_compatibility GL_NV_explicit_multisample GL_NV_feature_query GL_NV_fence GL_NV_fill_rectangle GL_NV_float_buffer GL_NV_fog_distance GL_NV_fragment_coverage_to_color GL_NV_fragment_program GL_NV_fragment_program_option GL_NV_fragment_program2 GL_NV_fragment_shader_interlock GL_NV_framebuffer_mixed_samples GL_NV_framebuffer_multisample_coverage GL_NV_geometry_shader4 GL_NV_geometry_shader_passthrough GL_NV_gpu_program4 GL_NV_internalformat_sample_query GL_NV_gpu_program4_1 GL_NV_gpu_program5 GL_NV_gpu_program5_mem_extended GL_
NV_gpu_program_fp64 GL_NV_gpu_shader5 GL_NV_half_float GL_NV_light_max_exponent GL_NV_memory_attachment GL_NV_multisample_coverage GL_NV_multisample_filter_hint GL_NV_occlusion_query GL_NV_packed_depth_stencil GL_NV_parameter_buffer_object GL_NV_parameter_buffer_object2 GL_NV_path_rendering GL_NV_path_rendering_shared_edge GL_NV_pixel_data_range GL_NV_point_sprite GL_NV_primitive_restart GL_NV_query_resource GL_NV_query_resource_tag GL_NV_register_combiners GL_NV_register_combiners2 GL_NV_sample_locations GL_NV_sample_mask_override_coverage GL_NV_shader_atomic_counters GL_NV_shader_atomic_float GL_NV_shader_atomic_float64 GL_NV_shader_atomic_fp16_vector GL_NV_shader_atomic_int64 GL_NV_shader_buffer_load GL_NV_shader_storage_buffer_object GL_NV_shader_subgroup_partitioned GL_NV_stereo_view_rendering GL_NV_texgen_reflection GL_NV_texture_barrier GL_NV_texture_compression_vtc GL_NV_texture_env_combine4 GL_NV_texture_multisample GL_NV_texture_rectangle GL_NV_texture_rectangle_compressed GL_NV_texture_shader GL_N
V_texture_shader2 GL_NV_texture_shader3 GL_NV_transform_feedback GL_NV_transform_feedback2 GL_NV_uniform_buffer_unified_memory GL_NV_vdpau_interop GL_NV_vdpau_interop2 GL_NV_vertex_array_range GL_NV_vertex_array_range2 GL_NV_vertex_attrib_integer_64bit GL_NV_vertex_buffer_unified_memory GL_NV_vertex_program GL_NV_vertex_program1_1 GL_NV_vertex_program2 GL_NV_vertex_program2_option GL_NV_vertex_program3 GL_NV_viewport_array2 GL_NV_viewport_swizzle GL_NVX_conditional_render GL_NV_gpu_multicast GL_NVX_progress_fence GL_NVX_gpu_memory_info GL_NVX_nvenc_interop GL_NV_shader_thread_group GL_NV_shader_thread_shuffle GL_KHR_blend_equation_advanced GL_KHR_blend_equation_advanced_coherent GL_OVR_multiview GL_OVR_multiview2 GL_SGIS_generate_mipmap GL_SGIS_texture_lod GL_SGIX_depth_texture GL_SGIX_shadow GL_SUN_slice_accum
OPENGL LOG: Creating OpenGL 4.5 graphics device ; Context level  <OpenGL 4.5> ; Context handle 773732152
Initialize mono
Mono path[0] = '/home/poprock/Unity/Hub/Editor/2020.3.14f1/Editor/Data/Managed'
Mono path[1] = '/home/poprock/Unity/Hub/Editor/2020.3.14f1/Editor/Data/MonoBleedingEdge/lib/mono/unityjit'
Mono config path = '/home/poprock/Unity/Hub/Editor/2020.3.14f1/Editor/Data/MonoBleedingEdge/etc'
Using monoOptions --debugger-agent=transport=dt_socket,embedding=1,server=y,suspend=n,address=127.0.0.1:56384
Begin MonoManager ReloadAssembly
Registering precompiled unity dll's ...
Register platform support module: /home/poprock/Unity/Hub/Editor/2020.3.14f1/Editor/Data/PlaybackEngines/LinuxStandaloneSupport/UnityEditor.LinuxStandalone.Extensions.dll
Registered in 0.001156 seconds.
Native extension for LinuxStandalone target not found
Refreshing native plugins compatible for Editor in 20.23 ms, found 0 plugins.
Preloading 0 native plugins for Editor in 0.00 ms.
Mono: successfully reloaded assembly
- Completed reload, in  1.432 seconds
Domain Reload Profiling:
	ReloadAssembly (1432ms)
		BeginReloadAssembly (26ms)
			ExecutionOrderSort (0ms)
			DisableScriptedObjects (0ms)
			BackupInstance (0ms)
			ReleaseScriptingObjects (0ms)
			CreateAndSetChildDomain (1ms)
		EndReloadAssembly (406ms)
			LoadAssemblies (25ms)
			RebuildTransferFunctionScriptingTraits (0ms)
			SetupTypeCache (124ms)
			ReleaseScriptCaches (0ms)
			RebuildScriptCaches (50ms)
			SetupLoadedEditorAssemblies (173ms)
				LogAssemblyErrors (0ms)
				InitializePlatformSupportModulesInManaged (4ms)
				SetLoadedEditorAssemblies (0ms)
				RefreshPlugins (20ms)
				BeforeProcessingInitializeOnLoad (5ms)
				ProcessInitializeOnLoadAttributes (118ms)
				ProcessInitializeOnLoadMethodAttributes (25ms)
				AfterProcessingInitializeOnLoad (0ms)
				EditorAssembliesLoaded (0ms)
			ExecutionOrderSort2 (0ms)
			AwakeInstancesAfterBackupRestoration (0ms)
Platform modules already initialized, skipping
Registering precompiled user dll's ...
Registered in 0.001936 seconds.
Begin MonoManager ReloadAssembly
Native extension for LinuxStandalone target not found
Refreshing native plugins compatible for Editor in 0.24 ms, found 0 plugins.
Preloading 0 native plugins for Editor in 0.00 ms.
Mono: successfully reloaded assembly
- Completed reload, in  0.848 seconds
Domain Reload Profiling:
	ReloadAssembly (849ms)
		BeginReloadAssembly (102ms)
			ExecutionOrderSort (0ms)
			DisableScriptedObjects (4ms)
			BackupInstance (0ms)
			ReleaseScriptingObjects (0ms)
			CreateAndSetChildDomain (15ms)
		EndReloadAssembly (699ms)
			LoadAssemblies (52ms)
			RebuildTransferFunctionScriptingTraits (0ms)
			SetupTypeCache (215ms)
			ReleaseScriptCaches (0ms)
			RebuildScriptCaches (45ms)
			SetupLoadedEditorAssemblies (294ms)
				LogAssemblyErrors (0ms)
				InitializePlatformSupportModulesInManaged (5ms)
				SetLoadedEditorAssemblies (1ms)
				RefreshPlugins (0ms)
				BeforeProcessingInitializeOnLoad (57ms)
				ProcessInitializeOnLoadAttributes (223ms)
				ProcessInitializeOnLoadMethodAttributes (3ms)
				AfterProcessingInitializeOnLoad (4ms)
				EditorAssembliesLoaded (0ms)
			ExecutionOrderSort2 (0ms)
			AwakeInstancesAfterBackupRestoration (6ms)
Platform modules already initialized, skipping
========================================================================
Worker process is ready to serve import requests
Launched and connected shader compiler UnityShaderCompiler after 0.01 seconds
Refreshing native plugins compatible for Editor in 0.35 ms, found 0 plugins.
Preloading 0 native plugins for Editor in 0.00 ms.
Unloading 1403 Unused Serialized files (Serialized files now loaded: 0)
System memory in use before: 59.3 MB.
System memory in use after: 59.3 MB.

Unloading 19 unused Assets to reduce memory usage. Loaded Objects now: 1836.
Total: 3.480879 ms (FindLiveObjects: 0.237785 ms CreateObjectMapping: 0.123733 ms MarkObjects: 2.847855 ms  DeleteObjects: 0.270114 ms)

AssetImportParameters requested are different than current active one (requested -> active):
  custom:video-decoder-ogg-theora: a1e56fd34408186e4bbccfd4996cb3dc -> 
  custom:container-muxer-webm: aa71ff27fc2769a1b78a27578f13a17b -> 
  custom:container-demuxer-webm: 4f35f7cbe854078d1ac9338744f61a02 -> 
  custom:container-demuxer-ogg: 62fdf1f143b41e24485cea50d1cbac27 -> 
  custom:video-encoder-webm-vp8: eb34c28f22e8b96e1ab97ce403110664 -> 
  custom:video-decoder-webm-vp8: 9c59270c3fd7afecdb556c50c9e8de78 -> 
  custom:audio-decoder-ogg-vorbis: bf7c407c2cedff20999df2af8eb42d56 -> 
  custom:audio-encoder-webm-vorbis: bf7c407c2cedff20999df2af8eb42d56 -> 
========================================================================
Received Import Request.
  path: Assets/Scripts/Quest/Goal
  artifactKey: Guid(5dc499615385da9b78b1bc8cb46ccb64) Importer(815301076,1909f56bfc062723c751e8b465ee728b)
Start importing Assets/Scripts/Quest/Goal using Guid(5dc499615385da9b78b1bc8cb46ccb64) Importer(815301076,1909f56bfc062723c751e8b465ee728b)  -> (artifact id: 'ad66eaae2051dce6c2823f1ea9f0600f') in 0.003728 seconds 
  Import took 0.006368 seconds .

========================================================================
Received Import Request.
  Time since last request: 4.234466 seconds.
  path: Assets/Scripts/Quest/Goal/Goals
  artifactKey: Guid(0658eec6338f1ba139706738622239fb) Importer(815301076,1909f56bfc062723c751e8b465ee728b)
Start importing Assets/Scripts/Quest/Goal/Goals using Guid(0658eec6338f1ba139706738622239fb) Importer(815301076,1909f56bfc062723c751e8b465ee728b)  -> (artifact id: 'be0be9fd11a2afc22b90653312d1b8d0') in 0.000749 seconds 
  Import took 0.002393 seconds .

========================================================================
Received Prepare
Registering precompiled user dll's ...
Registered in 0.001793 seconds.
Begin MonoManager ReloadAssembly
Native extension for LinuxStandalone target not found
Refreshing native plugins compatible for Editor in 0.24 ms, found 0 plugins.
Preloading 0 native plugins for Editor in 0.00 ms.
Mono: successfully reloaded assembly
- Completed reload, in  0.810 seconds
Domain Reload Profiling:
	ReloadAssembly (811ms)
		BeginReloadAssembly (78ms)
			ExecutionOrderSort (0ms)
			DisableScriptedObjects (4ms)
			BackupInstance (0ms)
			ReleaseScriptingObjects (0ms)
			CreateAndSetChildDomain (31ms)
		EndReloadAssembly (684ms)
			LoadAssemblies (55ms)
			RebuildTransferFunctionScriptingTraits (0ms)
			SetupTypeCache (215ms)
			ReleaseScriptCaches (1ms)
			RebuildScriptCaches (41ms)
			SetupLoadedEditorAssemblies (279ms)
				LogAssemblyErrors (0ms)
				InitializePlatformSupportModulesInManaged (5ms)
				SetLoadedEditorAssemblies (0ms)
				RefreshPlugins (0ms)
				BeforeProcessingInitializeOnLoad (53ms)
				ProcessInitializeOnLoadAttributes (214ms)
				ProcessInitializeOnLoadMethodAttributes (3ms)
				AfterProcessingInitializeOnLoad (4ms)
				EditorAssembliesLoaded (0ms)
			ExecutionOrderSort2 (0ms)
			AwakeInstancesAfterBackupRestoration (6ms)
Platform modules already initialized, skipping
Refreshing native plugins compatible for Editor in 0.28 ms, found 0 plugins.
Preloading 0 native plugins for Editor in 0.00 ms.
Unloading 1398 Unused Serialized files (Serialized files now loaded: 0)
System memory in use before: 59.2 MB.
System memory in use after: 59.3 MB.

Unloading 14 unused Assets to reduce memory usage. Loaded Objects now: 1839.
Total: 1.940002 ms (FindLiveObjects: 0.131771 ms CreateObjectMapping: 0.028289 ms MarkObjects: 1.718563 ms  DeleteObjects: 0.060587 ms)

AssetImportParameters requested are different than current active one (requested -> active):
  custom:video-decoder-ogg-theora: a1e56fd34408186e4bbccfd4996cb3dc -> 
  custom:container-muxer-webm: aa71ff27fc2769a1b78a27578f13a17b -> 
  custom:container-demuxer-webm: 4f35f7cbe854078d1ac9338744f61a02 -> 
  custom:container-demuxer-ogg: 62fdf1f143b41e24485cea50d1cbac27 -> 
  custom:video-encoder-webm-vp8: eb34c28f22e8b96e1ab97ce403110664 -> 
  custom:video-decoder-webm-vp8: 9c59270c3fd7afecdb556c50c9e8de78 -> 
  custom:audio-decoder-ogg-vorbis: bf7c407c2cedff20999df2af8eb42d56 -> 
  custom:audio-encoder-webm-vorbis: bf7c407c2cedff20999df2af8eb42d56 -> 
========================================================================
Received Import Request.
  Time since last request: 30.595945 seconds.
  path: Assets/Scripts/Quest/Quest
  artifactKey: Guid(fe19e17f92584512fb49e8be559566ff) Importer(815301076,1909f56bfc062723c751e8b465ee728b)
Start importing Assets/Scripts/Quest/Quest using Guid(fe19e17f92584512fb49e8be559566ff) Importer(815301076,1909f56bfc062723c751e8b465ee728b)  -> (artifact id: '28f3cb3ec40e94298c6f33c871526049') in 0.002239 seconds 
  Import took 0.004031 seconds .

========================================================================
Received Import Request.
  Time since last request: 3.668829 seconds.
  path: Assets/Scripts/Quest/QuestManager.cs
  artifactKey: Guid(6de524a21556ab90aa193ca7f95da522) Importer(815301076,1909f56bfc062723c751e8b465ee728b)
Start importing Assets/Scripts/Quest/QuestManager.cs using Guid(6de524a21556ab90aa193ca7f95da522) Importer(815301076,1909f56bfc062723c751e8b465ee728b)  -> (artifact id: 'd1c735fdb314f53311ac36d01dca6660') in 0.000986 seconds 
  Import took 0.003768 seconds .

========================================================================
Received Import Request.
  Time since last request: 0.001040 seconds.
  path: Assets/Scripts/Quest/QuestManager.cs
  artifactKey: Guid(6de524a21556ab90aa193ca7f95da522) Importer(815301076,1909f56bfc062723c751e8b465ee728b)
Start importing Assets/Scripts/Quest/QuestManager.cs using Guid(6de524a21556ab90aa193ca7f95da522) Importer(815301076,1909f56bfc062723c751e8b465ee728b)  -> (artifact id: 'd1c735fdb314f53311ac36d01dca6660') in 0.000706 seconds 
  Import took 0.002920 seconds .

========================================================================
Received Import Request.
  Time since last request: 14.882619 seconds.
  path: Assets/Scripts/Quest/Quest/Quest.cs
  artifactKey: Guid(b6d6d889b1885e8db8412e12fc5dd4a6) Importer(815301076,1909f56bfc062723c751e8b465ee728b)
Start importing Assets/Scripts/Quest/Quest/Quest.cs using Guid(b6d6d889b1885e8db8412e12fc5dd4a6) Importer(815301076,1909f56bfc062723c751e8b465ee728b)  -> (artifact id: '93707fac7755ac2a39c80132aa83d6b8') in 0.001006 seconds 
  Import took 0.004178 seconds .

========================================================================
Received Import Request.
  Time since last request: 0.002244 seconds.
  path: Assets/Scripts/Quest/Quest/Quest.cs
  artifactKey: Guid(b6d6d889b1885e8db8412e12fc5dd4a6) Importer(815301076,1909f56bfc062723c751e8b465ee728b)
Start importing Assets/Scripts/Quest/Quest/Quest.cs using Guid(b6d6d889b1885e8db8412e12fc5dd4a6) Importer(815301076,1909f56bfc062723c751e8b465ee728b)  -> (artifact id: '93707fac7755ac2a39c80132aa83d6b8') in 0.000854 seconds 
  Import took 0.003714 seconds .

========================================================================
Received Import Request.
  Time since last request: 11.961852 seconds.
  path: Assets/Scripts/Quest/QuestReward.cs
  artifactKey: Guid(70a05eac2ac8531938d0d50a8fd73566) Importer(815301076,1909f56bfc062723c751e8b465ee728b)
Start importing Assets/Scripts/Quest/QuestReward.cs using Guid(70a05eac2ac8531938d0d50a8fd73566) Importer(815301076,1909f56bfc062723c751e8b465ee728b)  -> (artifact id: '2de179e1aac3964a5e995acc00960110') in 0.000973 seconds 
  Import took 0.003591 seconds .

========================================================================
Received Import Request.
  Time since last request: 0.003948 seconds.
  path: Assets/Scripts/Quest/QuestReward.cs
  artifactKey: Guid(70a05eac2ac8531938d0d50a8fd73566) Importer(815301076,1909f56bfc062723c751e8b465ee728b)
Start importing Assets/Scripts/Quest/QuestReward.cs using Guid(70a05eac2ac8531938d0d50a8fd73566) Importer(815301076,1909f56bfc062723c751e8b465ee728b)  -> (artifact id: '2de179e1aac3964a5e995acc00960110') in 0.000626 seconds 
  Import took 0.002668 seconds .

========================================================================
Received Import Request.
  Time since last request: 4.740109 seconds.
  path: Assets/Scripts/Quest/IAwardable.cs
  artifactKey: Guid(0c16e70bc05b85a9199b6c4bb40738fe) Importer(815301076,1909f56bfc062723c751e8b465ee728b)
Start importing Assets/Scripts/Quest/IAwardable.cs using Guid(0c16e70bc05b85a9199b6c4bb40738fe) Importer(815301076,1909f56bfc062723c751e8b465ee728b)  -> (artifact id: 'b063a923f31b5a62b5956f108b08f964') in 0.000951 seconds 
  Import took 0.004135 seconds .

========================================================================
Received Import Request.
  Time since last request: 0.002696 seconds.
  path: Assets/Scripts/Quest/IAwardable.cs
  artifactKey: Guid(0c16e70bc05b85a9199b6c4bb40738fe) Importer(815301076,1909f56bfc062723c751e8b465ee728b)
Start importing Assets/Scripts/Quest/IAwardable.cs using Guid(0c16e70bc05b85a9199b6c4bb40738fe) Importer(815301076,1909f56bfc062723c751e8b465ee728b)  -> (artifact id: 'b063a923f31b5a62b5956f108b08f964') in 0.000704 seconds 
  Import took 0.002903 seconds .

========================================================================
Received Import Request.
  Time since last request: 11.150385 seconds.
  path: Assets/Scripts/Quest/EventManager.cs
  artifactKey: Guid(13f806301955a2b10a83e63bc7861e35) Importer(815301076,1909f56bfc062723c751e8b465ee728b)
Start importing Assets/Scripts/Quest/EventManager.cs using Guid(13f806301955a2b10a83e63bc7861e35) Importer(815301076,1909f56bfc062723c751e8b465ee728b)  -> (artifact id: '783248a87aea61e90b8a2cdf491c9511') in 0.000937 seconds 
  Import took 0.003727 seconds .

========================================================================
Received Import Request.
  Time since last request: 0.002496 seconds.
  path: Assets/Scripts/Quest/EventManager.cs
  artifactKey: Guid(13f806301955a2b10a83e63bc7861e35) Importer(815301076,1909f56bfc062723c751e8b465ee728b)
Start importing Assets/Scripts/Quest/EventManager.cs using Guid(13f806301955a2b10a83e63bc7861e35) Importer(815301076,1909f56bfc062723c751e8b465ee728b)  -> (artifact id: '783248a87aea61e90b8a2cdf491c9511') in 0.000731 seconds 
  Import took 0.003157 seconds .

========================================================================
Received Import Request.
  Time since last request: 3.340246 seconds.
  path: Assets/Scripts/Quest/GoalCompletedEvent.cs
  artifactKey: Guid(a354f25ddc59a12a4afa66f1a68bc78b) Importer(815301076,1909f56bfc062723c751e8b465ee728b)
Start importing Assets/Scripts/Quest/GoalCompletedEvent.cs using Guid(a354f25ddc59a12a4afa66f1a68bc78b) Importer(815301076,1909f56bfc062723c751e8b465ee728b)  -> (artifact id: '09a929d3df10c46d380a6639a7a399b9') in 0.000997 seconds 
  Import took 0.003803 seconds .

========================================================================
Received Import Request.
  Time since last request: 0.002269 seconds.
  path: Assets/Scripts/Quest/GoalCompletedEvent.cs
  artifactKey: Guid(a354f25ddc59a12a4afa66f1a68bc78b) Importer(815301076,1909f56bfc062723c751e8b465ee728b)
Start importing Assets/Scripts/Quest/GoalCompletedEvent.cs using Guid(a354f25ddc59a12a4afa66f1a68bc78b) Importer(815301076,1909f56bfc062723c751e8b465ee728b)  -> (artifact id: '09a929d3df10c46d380a6639a7a399b9') in 0.000710 seconds 
  Import took 0.003228 seconds .

========================================================================
Received Import Request.
  Time since last request: 35.047022 seconds.
  path: Assets/Scripts/Quest/GoalCompletedEvent.cs
  artifactKey: Guid(a354f25ddc59a12a4afa66f1a68bc78b) Importer(815301076,1909f56bfc062723c751e8b465ee728b)
Start importing Assets/Scripts/Quest/GoalCompletedEvent.cs using Guid(a354f25ddc59a12a4afa66f1a68bc78b) Importer(815301076,1909f56bfc062723c751e8b465ee728b)  -> (artifact id: '40ff758a087f47e4ced0bf5582427cae') in 0.000738 seconds 
  Import took 0.003010 seconds .

========================================================================
Received Prepare
Registering precompiled user dll's ...
Registered in 0.001924 seconds.
Begin MonoManager ReloadAssembly
Native extension for LinuxStandalone target not found
Refreshing native plugins compatible for Editor in 0.27 ms, found 0 plugins.
Preloading 0 native plugins for Editor in 0.00 ms.
Mono: successfully reloaded assembly
- Completed reload, in  0.782 seconds
Domain Reload Profiling:
	ReloadAssembly (782ms)
		BeginReloadAssembly (71ms)
			ExecutionOrderSort (0ms)
			DisableScriptedObjects (4ms)
			BackupInstance (0ms)
			ReleaseScriptingObjects (0ms)
			CreateAndSetChildDomain (27ms)
		EndReloadAssembly (664ms)
			LoadAssemblies (50ms)
			RebuildTransferFunctionScriptingTraits (0ms)
			SetupTypeCache (210ms)
			ReleaseScriptCaches (1ms)
			RebuildScriptCaches (41ms)
			SetupLoadedEditorAssemblies (269ms)
				LogAssemblyErrors (0ms)
				InitializePlatformSupportModulesInManaged (5ms)
				SetLoadedEditorAssemblies (0ms)
				RefreshPlugins (0ms)
				BeforeProcessingInitializeOnLoad (53ms)
				ProcessInitializeOnLoadAttributes (203ms)
				ProcessInitializeOnLoadMethodAttributes (3ms)
				AfterProcessingInitializeOnLoad (4ms)
				EditorAssembliesLoaded (0ms)
			ExecutionOrderSort2 (0ms)
			AwakeInstancesAfterBackupRestoration (6ms)
Platform modules already initialized, skipping
Refreshing native plugins compatible for Editor in 0.24 ms, found 0 plugins.
Preloading 0 native plugins for Editor in 0.00 ms.
Unloading 1398 Unused Serialized files (Serialized files now loaded: 0)
System memory in use before: 59.3 MB.
System memory in use after: 59.3 MB.

Unloading 14 unused Assets to reduce memory usage. Loaded Objects now: 1842.
Total: 2.127082 ms (FindLiveObjects: 0.129893 ms CreateObjectMapping: 0.035242 ms MarkObjects: 1.893842 ms  DeleteObjects: 0.067075 ms)

AssetImportParameters requested are different than current active one (requested -> active):
  custom:video-decoder-ogg-theora: a1e56fd34408186e4bbccfd4996cb3dc -> 
  custom:container-muxer-webm: aa71ff27fc2769a1b78a27578f13a17b -> 
  custom:container-demuxer-webm: 4f35f7cbe854078d1ac9338744f61a02 -> 
  custom:container-demuxer-ogg: 62fdf1f143b41e24485cea50d1cbac27 -> 
  custom:video-encoder-webm-vp8: eb34c28f22e8b96e1ab97ce403110664 -> 
  custom:video-decoder-webm-vp8: 9c59270c3fd7afecdb556c50c9e8de78 -> 
  custom:audio-decoder-ogg-vorbis: bf7c407c2cedff20999df2af8eb42d56 -> 
  custom:audio-encoder-webm-vorbis: bf7c407c2cedff20999df2af8eb42d56 -> 
========================================================================
Received Import Request.
  Time since last request: 63.121968 seconds.
  path: Assets/Scripts/Quest/Goal/Events
  artifactKey: Guid(f747e66fd24b25a27b5e6419304b050a) Importer(815301076,1909f56bfc062723c751e8b465ee728b)
Start importing Assets/Scripts/Quest/Goal/Events using Guid(f747e66fd24b25a27b5e6419304b050a) Importer(815301076,1909f56bfc062723c751e8b465ee728b)  -> (artifact id: 'ef6af8c2e78d1a0d3b61d75b1490fcce') in 0.003651 seconds 
  Import took 0.006047 seconds .

========================================================================
Received Import Request.
  Time since last request: 1.785285 seconds.
  path: Assets/Scripts/Quest/Goal/KillEvent.cs
  artifactKey: Guid(be62e1cbe7c1e0649940c57b4dc95008) Importer(815301076,1909f56bfc062723c751e8b465ee728b)
Start importing Assets/Scripts/Quest/Goal/KillEvent.cs using Guid(be62e1cbe7c1e0649940c57b4dc95008) Importer(815301076,1909f56bfc062723c751e8b465ee728b)  -> (artifact id: '8a9496bdc27c0cd6cb78d281c0af9809') in 0.000855 seconds 
  Import took 0.003302 seconds .

========================================================================
Received Import Request.
  Time since last request: 6.055577 seconds.
  path: Assets/Scripts/Quest/Goal/KillGoal.cs
  artifactKey: Guid(6f59e111de51e19c7a1b737906747823) Importer(815301076,1909f56bfc062723c751e8b465ee728b)
Start importing Assets/Scripts/Quest/Goal/KillGoal.cs using Guid(6f59e111de51e19c7a1b737906747823) Importer(815301076,1909f56bfc062723c751e8b465ee728b)  -> (artifact id: 'a005e11637d928193f06c0838f799531') in 0.001114 seconds 
  Import took 0.004381 seconds .

========================================================================
Received Import Request.
  Time since last request: 0.001099 seconds.
  path: Assets/Scripts/Quest/Goal/KillGoal.cs
  artifactKey: Guid(6f59e111de51e19c7a1b737906747823) Importer(815301076,1909f56bfc062723c751e8b465ee728b)
Start importing Assets/Scripts/Quest/Goal/KillGoal.cs using Guid(6f59e111de51e19c7a1b737906747823) Importer(815301076,1909f56bfc062723c751e8b465ee728b)  -> (artifact id: 'a005e11637d928193f06c0838f799531') in 0.001130 seconds 
  Import took 0.004553 seconds .

========================================================================
Received Import Request.
  Time since last request: 85.037996 seconds.
  path: Assets/Scripts/Quest/Goal/QuestGoal.cs
  artifactKey: Guid(57e23790ab8b5efb99ba5962c0bfa5b1) Importer(815301076,1909f56bfc062723c751e8b465ee728b)
Start importing Assets/Scripts/Quest/Goal/QuestGoal.cs using Guid(57e23790ab8b5efb99ba5962c0bfa5b1) Importer(815301076,1909f56bfc062723c751e8b465ee728b)  -> (artifact id: 'dba744aad25f718cf60a7e17aeae7dc1') in 0.001438 seconds 
  Import took 0.005571 seconds .

========================================================================
Received Import Request.
  Time since last request: 0.004670 seconds.
  path: Assets/Scripts/Quest/Goal/QuestGoal.cs
  artifactKey: Guid(57e23790ab8b5efb99ba5962c0bfa5b1) Importer(815301076,1909f56bfc062723c751e8b465ee728b)
Start importing Assets/Scripts/Quest/Goal/QuestGoal.cs using Guid(57e23790ab8b5efb99ba5962c0bfa5b1) Importer(815301076,1909f56bfc062723c751e8b465ee728b)  -> (artifact id: 'dba744aad25f718cf60a7e17aeae7dc1') in 0.000993 seconds 
  Import took 0.004379 seconds .

========================================================================
Received Import Request.
  Time since last request: 15.809271 seconds.
  path: Assets/Scripts/Quest/Player.cs
  artifactKey: Guid(f68163d1dcf1070b29875574704e760c) Importer(815301076,1909f56bfc062723c751e8b465ee728b)
Start importing Assets/Scripts/Quest/Player.cs using Guid(f68163d1dcf1070b29875574704e760c) Importer(815301076,1909f56bfc062723c751e8b465ee728b)  -> (artifact id: 'f1e8068fb55b4d81540c017e8bc6eeda') in 0.001043 seconds 
  Import took 0.004316 seconds .

AssetImportWorkerClient::OnTransportError - code=2 error=End of file
